This file contains any messages produced by compilers while
running configure, to aid debugging if configure makes a mistake.

It was created by FreeType configure 2.10, which was
generated by GNU Autoconf 2.69.  Invocation command line was

  $ ./configure --prefix=/home/miku/rv_build/staging --host=arm-linux --with-zlib=yes --enable-static --disable-shared

## --------- ##
## Platform. ##
## --------- ##

hostname = miku-machine
uname -m = x86_64
uname -r = 5.4.0-216-generic
uname -s = Linux
uname -v = #236-Ubuntu SMP Fri Apr 11 19:53:21 UTC 2025

/usr/bin/uname -p = x86_64
/bin/uname -X     = unknown

/bin/arch              = x86_64
/usr/bin/arch -k       = unknown
/usr/convex/getsysinfo = unknown
/usr/bin/hostinfo      = unknown
/bin/machine           = unknown
/usr/bin/oslevel       = unknown
/bin/universe          = unknown

PATH: /home/miku/rv_build/luckfox_toolchain/luckfox-pico/tools/linux/toolchain/arm-rockchip830-linux-uclibcgnueabihf/bin
PATH: /home/miku/luckfox-pico/sysdrv/source/kernel/drivers/block/zram/bin
PATH: /home/miku/luckfox-pico/tools/linux/toolchain/arm-rockchip830-linux-uclibcgnueabihf/bin
PATH: /home/miku/luckfox-pico/sysdrv/source/kernel/drivers/block/zram/bin
PATH: /home/miku/luckfox-pico/tools/linux/toolchain/arm-rockchip830-linux-uclibcgnueabihf/bin
PATH: /usr/local/sbin
PATH: /usr/local/bin
PATH: /usr/sbin
PATH: /usr/bin
PATH: /sbin
PATH: /bin
PATH: /usr/games
PATH: /usr/local/games
PATH: /snap/bin


## ----------- ##
## Core tests. ##
## ----------- ##

configure:2543: checking build system type
configure:2557: result: x86_64-pc-linux-uclibc
configure:2577: checking host system type
configure:2590: result: arm-unknown-linux-gnu
configure:2622: checking for arm-linux-gcc
configure:2649: result: arm-rockchip830-linux-uclibcgnueabihf-gcc
configure:2918: checking for C compiler version
configure:2927: arm-rockchip830-linux-uclibcgnueabihf-gcc --version >&5
arm-rockchip830-linux-uclibcgnueabihf-gcc (crosstool-NG 1.24.0) 8.3.0
Copyright (C) 2018 Free Software Foundation, Inc.
This is free software; see the source for copying conditions.  There is NO
warranty; not even for MERCHANTABILITY or FITNESS FOR A PARTICULAR PURPOSE.

configure:2938: $? = 0
configure:2927: arm-rockchip830-linux-uclibcgnueabihf-gcc -v >&5
Using built-in specs.
COLLECT_GCC=arm-rockchip830-linux-uclibcgnueabihf-gcc
COLLECT_LTO_WRAPPER=/home/miku/luckfox-pico/tools/linux/toolchain/arm-rockchip830-linux-uclibcgnueabihf/bin/../libexec/gcc/arm-rockchip830-linux-uclibcgnueabihf/8.3.0/lto-wrapper
Target: arm-rockchip830-linux-uclibcgnueabihf
Configured with: /opt/.build/arm-rockchip830-linux-uclibcgnueabihf/src/gcc/configure --build=x86_64-build_pc-linux-gnu --host=x86_64-build_pc-linux-gnu --target=arm-rockchip830-linux-uclibcgnueabihf --prefix=/opt/x-tool/arm-rockchip830-linux-uclibcgnueabihf --with-sysroot=/opt/x-tool/arm-rockchip830-linux-uclibcgnueabihf/arm-rockchip830-linux-uclibcgnueabihf/sysroot --enable-languages=c,c++ --with-arch=armv7-a --with-fpu=neon-vfpv4 --with-float=hard --with-pkgversion='crosstool-NG 1.24.0' --enable-__cxa_atexit --disable-libmudflap --disable-libgomp --disable-libssp --disable-libquadmath --disable-libquadmath-support --disable-libsanitizer --disable-libmpx --with-gmp=/opt/.build/arm-rockchip830-linux-uclibcgnueabihf/buildtools --with-mpfr=/opt/.build/arm-rockchip830-linux-uclibcgnueabihf/buildtools --with-mpc=/opt/.build/arm-rockchip830-linux-uclibcgnueabihf/buildtools --with-isl=/opt/.build/arm-rockchip830-linux-uclibcgnueabihf/buildtools --enable-lto --with-host-libstdcxx='-static-libgcc -Wl,-Bstatic,-lstdc++,-Bdynamic -lm' --enable-threads=posix --enable-target-optspace --enable-plugin --enable-gold --disable-nls --disable-multilib --with-local-prefix=/opt/x-tool/arm-rockchip830-linux-uclibcgnueabihf/arm-rockchip830-linux-uclibcgnueabihf/sysroot --enable-long-long
Thread model: posix
gcc version 8.3.0 (crosstool-NG 1.24.0) 
configure:2938: $? = 0
configure:2927: arm-rockchip830-linux-uclibcgnueabihf-gcc -V >&5
arm-rockchip830-linux-uclibcgnueabihf-gcc: error: unrecognized command line option '-V'
arm-rockchip830-linux-uclibcgnueabihf-gcc: fatal error: no input files
compilation terminated.
configure:2938: $? = 1
configure:2927: arm-rockchip830-linux-uclibcgnueabihf-gcc -qversion >&5
arm-rockchip830-linux-uclibcgnueabihf-gcc: error: unrecognized command line option '-qversion'; did you mean '--version'?
arm-rockchip830-linux-uclibcgnueabihf-gcc: fatal error: no input files
compilation terminated.
configure:2938: $? = 1
configure:2958: checking whether the C compiler works
configure:2980: arm-rockchip830-linux-uclibcgnueabihf-gcc  -I/home/miku/rv_build/staging/include -L/home/miku/rv_build/staging/lib conftest.c  >&5
configure:2984: $? = 0
configure:3032: result: yes
configure:3035: checking for C compiler default output file name
configure:3037: result: a.out
configure:3043: checking for suffix of executables
configure:3050: arm-rockchip830-linux-uclibcgnueabihf-gcc -o conftest  -I/home/miku/rv_build/staging/include -L/home/miku/rv_build/staging/lib conftest.c  >&5
configure:3054: $? = 0
configure:3076: result: 
configure:3098: checking whether we are cross compiling
configure:3106: arm-rockchip830-linux-uclibcgnueabihf-gcc -o conftest  -I/home/miku/rv_build/staging/include -L/home/miku/rv_build/staging/lib conftest.c  >&5
configure:3110: $? = 0
configure:3117: ./conftest
/lib/ld-uClibc.so.0: No such file or directory
configure:3121: $? = 255
configure:3109: result: yes
configure:3114: checking for suffix of object files
configure:3136: arm-rockchip830-linux-uclibcgnueabihf-gcc -c  -I/home/miku/rv_build/staging/include conftest.c >&5
configure:3140: $? = 0
configure:3161: result: o
configure:3165: checking whether we are using the GNU C compiler
configure:3184: arm-rockchip830-linux-uclibcgnueabihf-gcc -c  -I/home/miku/rv_build/staging/include conftest.c >&5
configure:3184: $? = 0
configure:3193: result: yes
configure:3202: checking whether arm-rockchip830-linux-uclibcgnueabihf-gcc accepts -g
configure:3222: arm-rockchip830-linux-uclibcgnueabihf-gcc -c -g -I/home/miku/rv_build/staging/include conftest.c >&5
configure:3222: $? = 0
configure:3263: result: yes
configure:3280: checking for arm-rockchip830-linux-uclibcgnueabihf-gcc option to accept ISO C89
configure:3343: arm-rockchip830-linux-uclibcgnueabihf-gcc  -c -g -O2 -I/home/miku/rv_build/staging/include conftest.c >&5
configure:3343: $? = 0
configure:3356: result: none needed
configure:3381: checking how to run the C preprocessor
configure:3412: arm-rockchip830-linux-uclibcgnueabihf-gcc -E -I/home/miku/rv_build/staging/include conftest.c
configure:3412: $? = 0
configure:3426: arm-rockchip830-linux-uclibcgnueabihf-gcc -E -I/home/miku/rv_build/staging/include conftest.c
conftest.c:9:10: fatal error: ac_nonexistent.h: No such file or directory
 #include <ac_nonexistent.h>
          ^~~~~~~~~~~~~~~~~~
compilation terminated.
configure:3426: $? = 1
configure: failed program was:
| /* confdefs.h */
| #define PACKAGE_NAME "FreeType"
| #define PACKAGE_TARNAME "freetype"
| #define PACKAGE_VERSION "2.10"
| #define PACKAGE_STRING "FreeType 2.10"
| #define PACKAGE_BUGREPORT "freetype@nongnu.org"
| #define PACKAGE_URL ""
| /* end confdefs.h.  */
| #include <ac_nonexistent.h>
configure:3451: result: arm-rockchip830-linux-uclibcgnueabihf-gcc -E
configure:3471: arm-rockchip830-linux-uclibcgnueabihf-gcc -E -I/home/miku/rv_build/staging/include conftest.c
configure:3471: $? = 0
configure:3485: arm-rockchip830-linux-uclibcgnueabihf-gcc -E -I/home/miku/rv_build/staging/include conftest.c
conftest.c:9:10: fatal error: ac_nonexistent.h: No such file or directory
 #include <ac_nonexistent.h>
          ^~~~~~~~~~~~~~~~~~
compilation terminated.
configure:3485: $? = 1
configure: failed program was:
| /* confdefs.h */
| #define PACKAGE_NAME "FreeType"
| #define PACKAGE_TARNAME "freetype"
| #define PACKAGE_VERSION "2.10"
| #define PACKAGE_STRING "FreeType 2.10"
| #define PACKAGE_BUGREPORT "freetype@nongnu.org"
| #define PACKAGE_URL ""
| /* end confdefs.h.  */
| #include <ac_nonexistent.h>
configure:3526: checking for arm-linux-pkg-config
configure:3559: result: no
configure:3569: checking for pkg-config
configure:3587: found /usr/bin/pkg-config
configure:3599: result: /usr/bin/pkg-config
configure:3611: WARNING: using cross tools not prefixed with host triplet
configure:3624: checking pkg-config is at least version 0.24
configure:3627: result: yes
configure:3682: checking how to print strings
configure:3709: result: printf
configure:3730: checking for a sed that does not truncate output
configure:3794: result: /usr/bin/sed
configure:3812: checking for grep that handles long lines and -e
configure:3870: result: /usr/bin/grep
configure:3875: checking for egrep
configure:3937: result: /usr/bin/grep -E
configure:3942: checking for fgrep
configure:4004: result: /usr/bin/grep -F
configure:4039: checking for ld used by arm-rockchip830-linux-uclibcgnueabihf-gcc
configure:4106: result: arm-rockchip830-linux-uclibcgnueabihf-ld
configure:4113: checking if the linker (arm-rockchip830-linux-uclibcgnueabihf-ld) is GNU ld
configure:4128: result: yes
configure:4140: checking for BSD- or MS-compatible name lister (nm)
configure:4194: result: arm-rockchip830-linux-uclibcgnueabihf-nm
configure:4324: checking the name lister (arm-rockchip830-linux-uclibcgnueabihf-nm) interface
configure:4331: arm-rockchip830-linux-uclibcgnueabihf-gcc -c -g -O2 -I/home/miku/rv_build/staging/include conftest.c >&5
configure:4334: arm-rockchip830-linux-uclibcgnueabihf-nm "conftest.o"
configure:4337: output
00000000 B some_variable
configure:4338: result: BSD nm
configure:4341: checking whether ln -s works
configure:4345: result: yes
configure:4353: checking the maximum length of command line arguments
configure:4484: result: 1572864
configure:4532: checking how to convert x86_64-pc-linux-uclibc file names to arm-unknown-linux-gnu format
configure:4572: result: func_convert_file_noop
configure:4579: checking how to convert x86_64-pc-linux-uclibc file names to toolchain format
configure:4599: result: func_convert_file_noop
configure:4606: checking for arm-rockchip830-linux-uclibcgnueabihf-ld option to reload object files
configure:4613: result: -r
configure:4647: checking for arm-linux-objdump
configure:4677: result: no
configure:4687: checking for objdump
configure:4703: found /usr/bin/objdump
configure:4714: result: objdump
configure:4743: checking how to recognize dependent libraries
configure:4943: result: pass_all
configure:4988: checking for arm-linux-dlltool
configure:5018: result: no
configure:5028: checking for dlltool
configure:5058: result: no
configure:5085: checking how to associate runtime and link libraries
configure:5112: result: printf %s\n
configure:5129: checking for arm-linux-ar
configure:5156: result: arm-rockchip830-linux-uclibcgnueabihf-ar
configure:5237: checking for archiver @FILE support
configure:5254: arm-rockchip830-linux-uclibcgnueabihf-gcc -c -g -O2 -I/home/miku/rv_build/staging/include conftest.c >&5
configure:5254: $? = 0
configure:5257: arm-rockchip830-linux-uclibcgnueabihf-ar cru libconftest.a @conftest.lst >&5
configure:5260: $? = 0
configure:5265: arm-rockchip830-linux-uclibcgnueabihf-ar cru libconftest.a @conftest.lst >&5
arm-rockchip830-linux-uclibcgnueabihf-ar: conftest.o: No such file or directory
configure:5268: $? = 1
configure:5267: result: @
configure:5285: checking for arm-linux-strip
configure:5312: result: arm-rockchip830-linux-uclibcgnueabihf-strip
configure:5384: checking for arm-linux-ranlib
configure:5411: result: arm-rockchip830-linux-uclibcgnueabihf-ranlib
configure:5528: checking for gawk
configure:5544: found /usr/bin/gawk
configure:5555: result: gawk
configure:5595: checking command to parse arm-rockchip830-linux-uclibcgnueabihf-nm output from arm-rockchip830-linux-uclibcgnueabihf-gcc object
configure:5748: arm-rockchip830-linux-uclibcgnueabihf-gcc -c -g -O2 -I/home/miku/rv_build/staging/include conftest.c >&5
configure:5751: $? = 0
configure:5755: arm-rockchip830-linux-uclibcgnueabihf-nm conftest.o \| sed -n -e 's/^.*[ ]\([ABCDGIRSTW][ABCDGIRSTW]*\)[ ][ ]*\([_A-Za-z][_A-Za-z0-9]*\)$/\1 \2 \2/p' | sed '/ __gnu_lto/d' \> conftest.nm
configure:5758: $? = 0
configure:5824: arm-rockchip830-linux-uclibcgnueabihf-gcc -o conftest -g -O2 -I/home/miku/rv_build/staging/include -L/home/miku/rv_build/staging/lib conftest.c conftstm.o >&5
configure:5827: $? = 0
configure:5865: result: ok
configure:5912: checking for sysroot
configure:5942: result: no
configure:5949: checking for a working dd
configure:5987: result: /usr/bin/dd
configure:5991: checking how to truncate binary pipes
configure:6006: result: /usr/bin/dd bs=4096 count=1
configure:6295: checking for arm-linux-mt
configure:6325: result: no
configure:6335: checking for mt
configure:6351: found /usr/bin/mt
configure:6362: result: mt
configure:6385: checking if mt is a manifest tool
configure:6391: mt '-?'
configure:6399: result: no
configure:7072: checking for ANSI C header files
configure:7092: arm-rockchip830-linux-uclibcgnueabihf-gcc -c -g -O2 -I/home/miku/rv_build/staging/include conftest.c >&5
configure:7092: $? = 0
configure:7176: result: yes
configure:7189: checking for sys/types.h
configure:7189: arm-rockchip830-linux-uclibcgnueabihf-gcc -c -g -O2 -I/home/miku/rv_build/staging/include conftest.c >&5
configure:7189: $? = 0
configure:7189: result: yes
configure:7189: checking for sys/stat.h
configure:7189: arm-rockchip830-linux-uclibcgnueabihf-gcc -c -g -O2 -I/home/miku/rv_build/staging/include conftest.c >&5
configure:7189: $? = 0
configure:7189: result: yes
configure:7189: checking for stdlib.h
configure:7189: arm-rockchip830-linux-uclibcgnueabihf-gcc -c -g -O2 -I/home/miku/rv_build/staging/include conftest.c >&5
configure:7189: $? = 0
configure:7189: result: yes
configure:7189: checking for string.h
configure:7189: arm-rockchip830-linux-uclibcgnueabihf-gcc -c -g -O2 -I/home/miku/rv_build/staging/include conftest.c >&5
configure:7189: $? = 0
configure:7189: result: yes
configure:7189: checking for memory.h
configure:7189: arm-rockchip830-linux-uclibcgnueabihf-gcc -c -g -O2 -I/home/miku/rv_build/staging/include conftest.c >&5
configure:7189: $? = 0
configure:7189: result: yes
configure:7189: checking for strings.h
configure:7189: arm-rockchip830-linux-uclibcgnueabihf-gcc -c -g -O2 -I/home/miku/rv_build/staging/include conftest.c >&5
configure:7189: $? = 0
configure:7189: result: yes
configure:7189: checking for inttypes.h
configure:7189: arm-rockchip830-linux-uclibcgnueabihf-gcc -c -g -O2 -I/home/miku/rv_build/staging/include conftest.c >&5
configure:7189: $? = 0
configure:7189: result: yes
configure:7189: checking for stdint.h
configure:7189: arm-rockchip830-linux-uclibcgnueabihf-gcc -c -g -O2 -I/home/miku/rv_build/staging/include conftest.c >&5
configure:7189: $? = 0
configure:7189: result: yes
configure:7189: checking for unistd.h
configure:7189: arm-rockchip830-linux-uclibcgnueabihf-gcc -c -g -O2 -I/home/miku/rv_build/staging/include conftest.c >&5
configure:7189: $? = 0
configure:7189: result: yes
configure:7203: checking for dlfcn.h
configure:7203: arm-rockchip830-linux-uclibcgnueabihf-gcc -c -g -O2 -I/home/miku/rv_build/staging/include conftest.c >&5
configure:7203: $? = 0
configure:7203: result: yes
configure:7757: checking for objdir
configure:7772: result: .libs
configure:8032: checking if arm-rockchip830-linux-uclibcgnueabihf-gcc supports -fno-rtti -fno-exceptions
configure:8050: arm-rockchip830-linux-uclibcgnueabihf-gcc -c -g -O2 -I/home/miku/rv_build/staging/include -fno-rtti -fno-exceptions conftest.c >&5
cc1: warning: command line option '-fno-rtti' is valid for C++/ObjC++ but not for C
configure:8054: $? = 0
configure:8067: result: no
configure:8425: checking for arm-rockchip830-linux-uclibcgnueabihf-gcc option to produce PIC
configure:8432: result: -fPIC -DPIC
configure:8440: checking if arm-rockchip830-linux-uclibcgnueabihf-gcc PIC flag -fPIC -DPIC works
configure:8458: arm-rockchip830-linux-uclibcgnueabihf-gcc -c -g -O2 -I/home/miku/rv_build/staging/include -fPIC -DPIC -DPIC conftest.c >&5
configure:8462: $? = 0
configure:8475: result: yes
configure:8504: checking if arm-rockchip830-linux-uclibcgnueabihf-gcc static flag -static works
configure:8532: result: yes
configure:8547: checking if arm-rockchip830-linux-uclibcgnueabihf-gcc supports -c -o file.o
configure:8568: arm-rockchip830-linux-uclibcgnueabihf-gcc -c -g -O2 -I/home/miku/rv_build/staging/include -o out/conftest2.o conftest.c >&5
configure:8572: $? = 0
configure:8594: result: yes
configure:8602: checking if arm-rockchip830-linux-uclibcgnueabihf-gcc supports -c -o file.o
configure:8649: result: yes
configure:8682: checking whether the arm-rockchip830-linux-uclibcgnueabihf-gcc linker (arm-rockchip830-linux-uclibcgnueabihf-ld) supports shared libraries
configure:9941: result: yes
configure:10181: checking dynamic linker characteristics
configure:10762: arm-rockchip830-linux-uclibcgnueabihf-gcc -o conftest -g -O2 -I/home/miku/rv_build/staging/include -L/home/miku/rv_build/staging/lib -Wl,-rpath -Wl,/foo conftest.c  >&5
configure:10762: $? = 0
configure:10999: result: GNU/Linux ld.so
configure:11121: checking how to hardcode library paths into programs
configure:11146: result: immediate
configure:11694: checking whether stripping libraries is possible
configure:11699: result: yes
configure:11734: checking if libtool supports shared libraries
configure:11736: result: yes
configure:11739: checking whether to build shared libraries
configure:11764: result: no
configure:11767: checking whether to build static libraries
configure:11771: result: yes
configure:8600: checking windows.h usability
configure:8600: arm-rockchip830-linux-uclibcgnueabihf-gcc -c -g -O2 -I/home/miku/rv_build/staging/include conftest.c >&5
conftest.c:54:10: fatal error: windows.h: No such file or directory
 #include <windows.h>
          ^~~~~~~~~~~
compilation terminated.
configure:8600: $? = 1
configure: failed program was:
| /* confdefs.h */
| #define PACKAGE_NAME "FreeType"
| #define PACKAGE_TARNAME "freetype"
| #define PACKAGE_VERSION "2.10"
| #define PACKAGE_STRING "FreeType 2.10"
| #define PACKAGE_BUGREPORT "freetype@nongnu.org"
| #define PACKAGE_URL ""
| #define STDC_HEADERS 1
| #define HAVE_SYS_TYPES_H 1
| #define HAVE_SYS_STAT_H 1
| #define HAVE_STDLIB_H 1
| #define HAVE_STRING_H 1
| #define HAVE_MEMORY_H 1
| #define HAVE_STRINGS_H 1
| #define HAVE_INTTYPES_H 1
| #define HAVE_STDINT_H 1
| #define HAVE_UNISTD_H 1
| #define HAVE_DLFCN_H 1
| #define LT_OBJDIR ".libs/"
| /* end confdefs.h.  */
| #include <stdio.h>
| #ifdef HAVE_SYS_TYPES_H
| # include <sys/types.h>
| #endif
| #ifdef HAVE_SYS_STAT_H
| # include <sys/stat.h>
| #endif
| #ifdef STDC_HEADERS
| # include <stdlib.h>
| # include <stddef.h>
| #else
| # ifdef HAVE_STDLIB_H
| #  include <stdlib.h>
| # endif
| #endif
| #ifdef HAVE_STRING_H
| # if !defined STDC_HEADERS && defined HAVE_MEMORY_H
| #  include <memory.h>
| # endif
| # include <string.h>
| #endif
| #ifdef HAVE_STRINGS_H
| # include <strings.h>
| #endif
| #ifdef HAVE_INTTYPES_H
| # include <inttypes.h>
| #endif
| #ifdef HAVE_STDINT_H
| # include <stdint.h>
| #endif
| #ifdef HAVE_UNISTD_H
| # include <unistd.h>
| #endif
| #include <windows.h>
configure:8600: result: no
configure:8600: checking windows.h presence
configure:8600: arm-rockchip830-linux-uclibcgnueabihf-gcc -E -I/home/miku/rv_build/staging/include conftest.c
conftest.c:21:10: fatal error: windows.h: No such file or directory
 #include <windows.h>
          ^~~~~~~~~~~
compilation terminated.
configure:8600: $? = 1
configure: failed program was:
| /* confdefs.h */
| #define PACKAGE_NAME "FreeType"
| #define PACKAGE_TARNAME "freetype"
| #define PACKAGE_VERSION "2.10"
| #define PACKAGE_STRING "FreeType 2.10"
| #define PACKAGE_BUGREPORT "freetype@nongnu.org"
| #define PACKAGE_URL ""
| #define STDC_HEADERS 1
| #define HAVE_SYS_TYPES_H 1
| #define HAVE_SYS_STAT_H 1
| #define HAVE_STDLIB_H 1
| #define HAVE_STRING_H 1
| #define HAVE_MEMORY_H 1
| #define HAVE_STRINGS_H 1
| #define HAVE_INTTYPES_H 1
| #define HAVE_STDINT_H 1
| #define HAVE_UNISTD_H 1
| #define HAVE_DLFCN_H 1
| #define LT_OBJDIR ".libs/"
| /* end confdefs.h.  */
| #include <windows.h>
configure:8600: result: no
configure:8600: checking for windows.h
configure:8600: result: no
configure:8781: checking for x86_64-pc-linux-uclibc-gcc
configure:8811: result: no
configure:8818: checking for gcc
configure:8834: found /usr/bin/gcc
configure:8845: result: gcc
configure:8855: checking for gcc
configure:8899: result: gcc
configure:8909: checking for suffix of native executables
configure:8923: result: 
configure:8953: checking for a BSD-compatible install
configure:9021: result: /usr/bin/install -c
configure:9040: checking for a thread-safe mkdir -p
configure:9079: result: /usr/bin/mkdir -p
configure:9093: checking for ANSI C header files
configure:9197: result: yes
configure:9208: checking fcntl.h usability
configure:9208: arm-rockchip830-linux-uclibcgnueabihf-gcc -c -g -O2 -I/home/miku/rv_build/staging/include conftest.c >&5
configure:9208: $? = 0
configure:9208: result: yes
configure:9208: checking fcntl.h presence
configure:9208: arm-rockchip830-linux-uclibcgnueabihf-gcc -E -I/home/miku/rv_build/staging/include conftest.c
configure:9208: $? = 0
configure:9208: result: yes
configure:9208: checking for fcntl.h
configure:9208: result: yes
configure:9208: checking for unistd.h
configure:9208: result: yes
configure:9222: checking for an ANSI C-conforming const
configure:9288: arm-rockchip830-linux-uclibcgnueabihf-gcc -c -g -O2 -I/home/miku/rv_build/staging/include conftest.c >&5
configure:9288: $? = 0
configure:9295: result: yes
configure:9307: checking size of int
configure:9312: arm-rockchip830-linux-uclibcgnueabihf-gcc -c -g -O2 -I/home/miku/rv_build/staging/include conftest.c >&5
configure:9312: $? = 0
configure:9312: arm-rockchip830-linux-uclibcgnueabihf-gcc -c -g -O2 -I/home/miku/rv_build/staging/include conftest.c >&5
conftest.c: In function 'main':
conftest.c:60:12: error: size of array 'test_array' is negative
 static int test_array [1 - 2 * !(((long int) (sizeof (int))) <= 0)];
            ^~~~~~~~~~
configure:9312: $? = 1
configure: failed program was:
| /* confdefs.h */
| #define PACKAGE_NAME "FreeType"
| #define PACKAGE_TARNAME "freetype"
| #define PACKAGE_VERSION "2.10"
| #define PACKAGE_STRING "FreeType 2.10"
| #define PACKAGE_BUGREPORT "freetype@nongnu.org"
| #define PACKAGE_URL ""
| #define STDC_HEADERS 1
| #define HAVE_SYS_TYPES_H 1
| #define HAVE_SYS_STAT_H 1
| #define HAVE_STDLIB_H 1
| #define HAVE_STRING_H 1
| #define HAVE_MEMORY_H 1
| #define HAVE_STRINGS_H 1
| #define HAVE_INTTYPES_H 1
| #define HAVE_STDINT_H 1
| #define HAVE_UNISTD_H 1
| #define HAVE_DLFCN_H 1
| #define LT_OBJDIR ".libs/"
| #define STDC_HEADERS 1
| #define HAVE_FCNTL_H 1
| #define HAVE_UNISTD_H 1
| /* end confdefs.h.  */
| #include <stdio.h>
| #ifdef HAVE_SYS_TYPES_H
| # include <sys/types.h>
| #endif
| #ifdef HAVE_SYS_STAT_H
| # include <sys/stat.h>
| #endif
| #ifdef STDC_HEADERS
| # include <stdlib.h>
| # include <stddef.h>
| #else
| # ifdef HAVE_STDLIB_H
| #  include <stdlib.h>
| # endif
| #endif
| #ifdef HAVE_STRING_H
| # if !defined STDC_HEADERS && defined HAVE_MEMORY_H
| #  include <memory.h>
| # endif
| # include <string.h>
| #endif
| #ifdef HAVE_STRINGS_H
| # include <strings.h>
| #endif
| #ifdef HAVE_INTTYPES_H
| # include <inttypes.h>
| #endif
| #ifdef HAVE_STDINT_H
| # include <stdint.h>
| #endif
| #ifdef HAVE_UNISTD_H
| # include <unistd.h>
| #endif
| int
| main ()
| {
| static int test_array [1 - 2 * !(((long int) (sizeof (int))) <= 0)];
| test_array [0] = 0;
| return test_array [0];
| 
|   ;
|   return 0;
| }
configure:9312: arm-rockchip830-linux-uclibcgnueabihf-gcc -c -g -O2 -I/home/miku/rv_build/staging/include conftest.c >&5
conftest.c: In function 'main':
conftest.c:60:12: error: size of array 'test_array' is negative
 static int test_array [1 - 2 * !(((long int) (sizeof (int))) <= 1)];
            ^~~~~~~~~~
configure:9312: $? = 1
configure: failed program was:
| /* confdefs.h */
| #define PACKAGE_NAME "FreeType"
| #define PACKAGE_TARNAME "freetype"
| #define PACKAGE_VERSION "2.10"
| #define PACKAGE_STRING "FreeType 2.10"
| #define PACKAGE_BUGREPORT "freetype@nongnu.org"
| #define PACKAGE_URL ""
| #define STDC_HEADERS 1
| #define HAVE_SYS_TYPES_H 1
| #define HAVE_SYS_STAT_H 1
| #define HAVE_STDLIB_H 1
| #define HAVE_STRING_H 1
| #define HAVE_MEMORY_H 1
| #define HAVE_STRINGS_H 1
| #define HAVE_INTTYPES_H 1
| #define HAVE_STDINT_H 1
| #define HAVE_UNISTD_H 1
| #define HAVE_DLFCN_H 1
| #define LT_OBJDIR ".libs/"
| #define STDC_HEADERS 1
| #define HAVE_FCNTL_H 1
| #define HAVE_UNISTD_H 1
| /* end confdefs.h.  */
| #include <stdio.h>
| #ifdef HAVE_SYS_TYPES_H
| # include <sys/types.h>
| #endif
| #ifdef HAVE_SYS_STAT_H
| # include <sys/stat.h>
| #endif
| #ifdef STDC_HEADERS
| # include <stdlib.h>
| # include <stddef.h>
| #else
| # ifdef HAVE_STDLIB_H
| #  include <stdlib.h>
| # endif
| #endif
| #ifdef HAVE_STRING_H
| # if !defined STDC_HEADERS && defined HAVE_MEMORY_H
| #  include <memory.h>
| # endif
| # include <string.h>
| #endif
| #ifdef HAVE_STRINGS_H
| # include <strings.h>
| #endif
| #ifdef HAVE_INTTYPES_H
| # include <inttypes.h>
| #endif
| #ifdef HAVE_STDINT_H
| # include <stdint.h>
| #endif
| #ifdef HAVE_UNISTD_H
| # include <unistd.h>
| #endif
| int
| main ()
| {
| static int test_array [1 - 2 * !(((long int) (sizeof (int))) <= 1)];
| test_array [0] = 0;
| return test_array [0];
| 
|   ;
|   return 0;
| }
configure:9312: arm-rockchip830-linux-uclibcgnueabihf-gcc -c -g -O2 -I/home/miku/rv_build/staging/include conftest.c >&5
conftest.c: In function 'main':
conftest.c:60:12: error: size of array 'test_array' is negative
 static int test_array [1 - 2 * !(((long int) (sizeof (int))) <= 3)];
            ^~~~~~~~~~
configure:9312: $? = 1
configure: failed program was:
| /* confdefs.h */
| #define PACKAGE_NAME "FreeType"
| #define PACKAGE_TARNAME "freetype"
| #define PACKAGE_VERSION "2.10"
| #define PACKAGE_STRING "FreeType 2.10"
| #define PACKAGE_BUGREPORT "freetype@nongnu.org"
| #define PACKAGE_URL ""
| #define STDC_HEADERS 1
| #define HAVE_SYS_TYPES_H 1
| #define HAVE_SYS_STAT_H 1
| #define HAVE_STDLIB_H 1
| #define HAVE_STRING_H 1
| #define HAVE_MEMORY_H 1
| #define HAVE_STRINGS_H 1
| #define HAVE_INTTYPES_H 1
| #define HAVE_STDINT_H 1
| #define HAVE_UNISTD_H 1
| #define HAVE_DLFCN_H 1
| #define LT_OBJDIR ".libs/"
| #define STDC_HEADERS 1
| #define HAVE_FCNTL_H 1
| #define HAVE_UNISTD_H 1
| /* end confdefs.h.  */
| #include <stdio.h>
| #ifdef HAVE_SYS_TYPES_H
| # include <sys/types.h>
| #endif
| #ifdef HAVE_SYS_STAT_H
| # include <sys/stat.h>
| #endif
| #ifdef STDC_HEADERS
| # include <stdlib.h>
| # include <stddef.h>
| #else
| # ifdef HAVE_STDLIB_H
| #  include <stdlib.h>
| # endif
| #endif
| #ifdef HAVE_STRING_H
| # if !defined STDC_HEADERS && defined HAVE_MEMORY_H
| #  include <memory.h>
| # endif
| # include <string.h>
| #endif
| #ifdef HAVE_STRINGS_H
| # include <strings.h>
| #endif
| #ifdef HAVE_INTTYPES_H
| # include <inttypes.h>
| #endif
| #ifdef HAVE_STDINT_H
| # include <stdint.h>
| #endif
| #ifdef HAVE_UNISTD_H
| # include <unistd.h>
| #endif
| int
| main ()
| {
| static int test_array [1 - 2 * !(((long int) (sizeof (int))) <= 3)];
| test_array [0] = 0;
| return test_array [0];
| 
|   ;
|   return 0;
| }
configure:9312: arm-rockchip830-linux-uclibcgnueabihf-gcc -c -g -O2 -I/home/miku/rv_build/staging/include conftest.c >&5
configure:9312: $? = 0
configure:9312: arm-rockchip830-linux-uclibcgnueabihf-gcc -c -g -O2 -I/home/miku/rv_build/staging/include conftest.c >&5
configure:9312: $? = 0
configure:9312: arm-rockchip830-linux-uclibcgnueabihf-gcc -c -g -O2 -I/home/miku/rv_build/staging/include conftest.c >&5
configure:9312: $? = 0
configure:9326: result: 4
configure:9340: checking size of long
configure:9345: arm-rockchip830-linux-uclibcgnueabihf-gcc -c -g -O2 -I/home/miku/rv_build/staging/include conftest.c >&5
configure:9345: $? = 0
configure:9345: arm-rockchip830-linux-uclibcgnueabihf-gcc -c -g -O2 -I/home/miku/rv_build/staging/include conftest.c >&5
conftest.c: In function 'main':
conftest.c:61:12: error: size of array 'test_array' is negative
 static int test_array [1 - 2 * !(((long int) (sizeof (long))) <= 0)];
            ^~~~~~~~~~
configure:9345: $? = 1
configure: failed program was:
| /* confdefs.h */
| #define PACKAGE_NAME "FreeType"
| #define PACKAGE_TARNAME "freetype"
| #define PACKAGE_VERSION "2.10"
| #define PACKAGE_STRING "FreeType 2.10"
| #define PACKAGE_BUGREPORT "freetype@nongnu.org"
| #define PACKAGE_URL ""
| #define STDC_HEADERS 1
| #define HAVE_SYS_TYPES_H 1
| #define HAVE_SYS_STAT_H 1
| #define HAVE_STDLIB_H 1
| #define HAVE_STRING_H 1
| #define HAVE_MEMORY_H 1
| #define HAVE_STRINGS_H 1
| #define HAVE_INTTYPES_H 1
| #define HAVE_STDINT_H 1
| #define HAVE_UNISTD_H 1
| #define HAVE_DLFCN_H 1
| #define LT_OBJDIR ".libs/"
| #define STDC_HEADERS 1
| #define HAVE_FCNTL_H 1
| #define HAVE_UNISTD_H 1
| #define SIZEOF_INT 4
| /* end confdefs.h.  */
| #include <stdio.h>
| #ifdef HAVE_SYS_TYPES_H
| # include <sys/types.h>
| #endif
| #ifdef HAVE_SYS_STAT_H
| # include <sys/stat.h>
| #endif
| #ifdef STDC_HEADERS
| # include <stdlib.h>
| # include <stddef.h>
| #else
| # ifdef HAVE_STDLIB_H
| #  include <stdlib.h>
| # endif
| #endif
| #ifdef HAVE_STRING_H
| # if !defined STDC_HEADERS && defined HAVE_MEMORY_H
| #  include <memory.h>
| # endif
| # include <string.h>
| #endif
| #ifdef HAVE_STRINGS_H
| # include <strings.h>
| #endif
| #ifdef HAVE_INTTYPES_H
| # include <inttypes.h>
| #endif
| #ifdef HAVE_STDINT_H
| # include <stdint.h>
| #endif
| #ifdef HAVE_UNISTD_H
| # include <unistd.h>
| #endif
| int
| main ()
| {
| static int test_array [1 - 2 * !(((long int) (sizeof (long))) <= 0)];
| test_array [0] = 0;
| return test_array [0];
| 
|   ;
|   return 0;
| }
configure:9345: arm-rockchip830-linux-uclibcgnueabihf-gcc -c -g -O2 -I/home/miku/rv_build/staging/include conftest.c >&5
conftest.c: In function 'main':
conftest.c:61:12: error: size of array 'test_array' is negative
 static int test_array [1 - 2 * !(((long int) (sizeof (long))) <= 1)];
            ^~~~~~~~~~
configure:9345: $? = 1
configure: failed program was:
| /* confdefs.h */
| #define PACKAGE_NAME "FreeType"
| #define PACKAGE_TARNAME "freetype"
| #define PACKAGE_VERSION "2.10"
| #define PACKAGE_STRING "FreeType 2.10"
| #define PACKAGE_BUGREPORT "freetype@nongnu.org"
| #define PACKAGE_URL ""
| #define STDC_HEADERS 1
| #define HAVE_SYS_TYPES_H 1
| #define HAVE_SYS_STAT_H 1
| #define HAVE_STDLIB_H 1
| #define HAVE_STRING_H 1
| #define HAVE_MEMORY_H 1
| #define HAVE_STRINGS_H 1
| #define HAVE_INTTYPES_H 1
| #define HAVE_STDINT_H 1
| #define HAVE_UNISTD_H 1
| #define HAVE_DLFCN_H 1
| #define LT_OBJDIR ".libs/"
| #define STDC_HEADERS 1
| #define HAVE_FCNTL_H 1
| #define HAVE_UNISTD_H 1
| #define SIZEOF_INT 4
| /* end confdefs.h.  */
| #include <stdio.h>
| #ifdef HAVE_SYS_TYPES_H
| # include <sys/types.h>
| #endif
| #ifdef HAVE_SYS_STAT_H
| # include <sys/stat.h>
| #endif
| #ifdef STDC_HEADERS
| # include <stdlib.h>
| # include <stddef.h>
| #else
| # ifdef HAVE_STDLIB_H
| #  include <stdlib.h>
| # endif
| #endif
| #ifdef HAVE_STRING_H
| # if !defined STDC_HEADERS && defined HAVE_MEMORY_H
| #  include <memory.h>
| # endif
| # include <string.h>
| #endif
| #ifdef HAVE_STRINGS_H
| # include <strings.h>
| #endif
| #ifdef HAVE_INTTYPES_H
| # include <inttypes.h>
| #endif
| #ifdef HAVE_STDINT_H
| # include <stdint.h>
| #endif
| #ifdef HAVE_UNISTD_H
| # include <unistd.h>
| #endif
| int
| main ()
| {
| static int test_array [1 - 2 * !(((long int) (sizeof (long))) <= 1)];
| test_array [0] = 0;
| return test_array [0];
| 
|   ;
|   return 0;
| }
configure:9345: arm-rockchip830-linux-uclibcgnueabihf-gcc -c -g -O2 -I/home/miku/rv_build/staging/include conftest.c >&5
conftest.c: In function 'main':
conftest.c:61:12: error: size of array 'test_array' is negative
 static int test_array [1 - 2 * !(((long int) (sizeof (long))) <= 3)];
            ^~~~~~~~~~
configure:9345: $? = 1
configure: failed program was:
| /* confdefs.h */
| #define PACKAGE_NAME "FreeType"
| #define PACKAGE_TARNAME "freetype"
| #define PACKAGE_VERSION "2.10"
| #define PACKAGE_STRING "FreeType 2.10"
| #define PACKAGE_BUGREPORT "freetype@nongnu.org"
| #define PACKAGE_URL ""
| #define STDC_HEADERS 1
| #define HAVE_SYS_TYPES_H 1
| #define HAVE_SYS_STAT_H 1
| #define HAVE_STDLIB_H 1
| #define HAVE_STRING_H 1
| #define HAVE_MEMORY_H 1
| #define HAVE_STRINGS_H 1
| #define HAVE_INTTYPES_H 1
| #define HAVE_STDINT_H 1
| #define HAVE_UNISTD_H 1
| #define HAVE_DLFCN_H 1
| #define LT_OBJDIR ".libs/"
| #define STDC_HEADERS 1
| #define HAVE_FCNTL_H 1
| #define HAVE_UNISTD_H 1
| #define SIZEOF_INT 4
| /* end confdefs.h.  */
| #include <stdio.h>
| #ifdef HAVE_SYS_TYPES_H
| # include <sys/types.h>
| #endif
| #ifdef HAVE_SYS_STAT_H
| # include <sys/stat.h>
| #endif
| #ifdef STDC_HEADERS
| # include <stdlib.h>
| # include <stddef.h>
| #else
| # ifdef HAVE_STDLIB_H
| #  include <stdlib.h>
| # endif
| #endif
| #ifdef HAVE_STRING_H
| # if !defined STDC_HEADERS && defined HAVE_MEMORY_H
| #  include <memory.h>
| # endif
| # include <string.h>
| #endif
| #ifdef HAVE_STRINGS_H
| # include <strings.h>
| #endif
| #ifdef HAVE_INTTYPES_H
| # include <inttypes.h>
| #endif
| #ifdef HAVE_STDINT_H
| # include <stdint.h>
| #endif
| #ifdef HAVE_UNISTD_H
| # include <unistd.h>
| #endif
| int
| main ()
| {
| static int test_array [1 - 2 * !(((long int) (sizeof (long))) <= 3)];
| test_array [0] = 0;
| return test_array [0];
| 
|   ;
|   return 0;
| }
configure:9345: arm-rockchip830-linux-uclibcgnueabihf-gcc -c -g -O2 -I/home/miku/rv_build/staging/include conftest.c >&5
configure:9345: $? = 0
configure:9345: arm-rockchip830-linux-uclibcgnueabihf-gcc -c -g -O2 -I/home/miku/rv_build/staging/include conftest.c >&5
configure:9345: $? = 0
configure:9345: arm-rockchip830-linux-uclibcgnueabihf-gcc -c -g -O2 -I/home/miku/rv_build/staging/include conftest.c >&5
configure:9345: $? = 0
configure:9359: result: 4
configure:9370: checking for unsigned long long int
configure:9409: arm-rockchip830-linux-uclibcgnueabihf-gcc -o conftest -g -O2 -I/home/miku/rv_build/staging/include -L/home/miku/rv_build/staging/lib conftest.c  >&5
configure:9409: $? = 0
configure:9418: result: yes
configure:9428: checking for long long int
configure:9478: result: yes
configure:9490: checking whether cpp computation of bit length in ftconfig.in works
configure:9545: result: yes
configure:9588: checking for special C compiler options needed for large files
configure:9633: result: no
configure:9639: checking for _FILE_OFFSET_BITS value needed for large files
configure:9664: arm-rockchip830-linux-uclibcgnueabihf-gcc -c -g -O2 -I/home/miku/rv_build/staging/include conftest.c >&5
conftest.c:33:33: warning: left shift count >= width of type [-Wshift-count-overflow]
 #define LARGE_OFF_T (((off_t) 1 << 62) - 1 + ((off_t) 1 << 62))
                                 ^~
conftest.c:34:23: note: in expansion of macro 'LARGE_OFF_T'
   int off_t_is_large[(LARGE_OFF_T % 2147483629 == 721
                       ^~~~~~~~~~~
conftest.c:33:57: warning: left shift count >= width of type [-Wshift-count-overflow]
 #define LARGE_OFF_T (((off_t) 1 << 62) - 1 + ((off_t) 1 << 62))
                                                         ^~
conftest.c:34:23: note: in expansion of macro 'LARGE_OFF_T'
   int off_t_is_large[(LARGE_OFF_T % 2147483629 == 721
                       ^~~~~~~~~~~
conftest.c:33:33: warning: left shift count >= width of type [-Wshift-count-overflow]
 #define LARGE_OFF_T (((off_t) 1 << 62) - 1 + ((off_t) 1 << 62))
                                 ^~
conftest.c:35:13: note: in expansion of macro 'LARGE_OFF_T'
          && LARGE_OFF_T % 2147483647 == 1)
             ^~~~~~~~~~~
conftest.c:33:57: warning: left shift count >= width of type [-Wshift-count-overflow]
 #define LARGE_OFF_T (((off_t) 1 << 62) - 1 + ((off_t) 1 << 62))
                                                         ^~
conftest.c:35:13: note: in expansion of macro 'LARGE_OFF_T'
          && LARGE_OFF_T % 2147483647 == 1)
             ^~~~~~~~~~~
conftest.c:34:7: error: variably modified 'off_t_is_large' at file scope
   int off_t_is_large[(LARGE_OFF_T % 2147483629 == 721
       ^~~~~~~~~~~~~~
configure:9664: $? = 1
configure: failed program was:
| /* confdefs.h */
| #define PACKAGE_NAME "FreeType"
| #define PACKAGE_TARNAME "freetype"
| #define PACKAGE_VERSION "2.10"
| #define PACKAGE_STRING "FreeType 2.10"
| #define PACKAGE_BUGREPORT "freetype@nongnu.org"
| #define PACKAGE_URL ""
| #define STDC_HEADERS 1
| #define HAVE_SYS_TYPES_H 1
| #define HAVE_SYS_STAT_H 1
| #define HAVE_STDLIB_H 1
| #define HAVE_STRING_H 1
| #define HAVE_MEMORY_H 1
| #define HAVE_STRINGS_H 1
| #define HAVE_INTTYPES_H 1
| #define HAVE_STDINT_H 1
| #define HAVE_UNISTD_H 1
| #define HAVE_DLFCN_H 1
| #define LT_OBJDIR ".libs/"
| #define STDC_HEADERS 1
| #define HAVE_FCNTL_H 1
| #define HAVE_UNISTD_H 1
| #define SIZEOF_INT 4
| #define SIZEOF_LONG 4
| #define HAVE_UNSIGNED_LONG_LONG_INT 1
| #define HAVE_LONG_LONG_INT 1
| /* end confdefs.h.  */
| #include <sys/types.h>
|  /* Check that off_t can represent 2**63 - 1 correctly.
|     We can't simply define LARGE_OFF_T to be 9223372036854775807,
|     since some C++ compilers masquerading as C compilers
|     incorrectly reject 9223372036854775807.  */
| #define LARGE_OFF_T (((off_t) 1 << 62) - 1 + ((off_t) 1 << 62))
|   int off_t_is_large[(LARGE_OFF_T % 2147483629 == 721
| 		       && LARGE_OFF_T % 2147483647 == 1)
| 		      ? 1 : -1];
| int
| main ()
| {
| 
|   ;
|   return 0;
| }
configure:9688: arm-rockchip830-linux-uclibcgnueabihf-gcc -c -g -O2 -I/home/miku/rv_build/staging/include conftest.c >&5
configure:9688: $? = 0
configure:9696: result: 64
configure:9798: checking for stdlib.h
configure:9798: result: yes
configure:9798: checking for unistd.h
configure:9798: result: yes
configure:9798: checking for sys/param.h
configure:9798: arm-rockchip830-linux-uclibcgnueabihf-gcc -c -g -O2 -I/home/miku/rv_build/staging/include conftest.c >&5
configure:9798: $? = 0
configure:9798: result: yes
configure:9818: checking for getpagesize
configure:9818: arm-rockchip830-linux-uclibcgnueabihf-gcc -o conftest -g -O2 -I/home/miku/rv_build/staging/include -L/home/miku/rv_build/staging/lib conftest.c  >&5
configure:9818: $? = 0
configure:9818: result: yes
configure:9827: checking for working mmap
configure:9984: result: no
configure:10052: checking for memcpy
configure:10052: arm-rockchip830-linux-uclibcgnueabihf-gcc -o conftest -g -O2 -I/home/miku/rv_build/staging/include -L/home/miku/rv_build/staging/lib conftest.c  >&5
conftest.c:56:6: warning: conflicting types for built-in function 'memcpy' [-Wbuiltin-declaration-mismatch]
 char memcpy ();
      ^~~~~~
configure:10052: $? = 0
configure:10052: result: yes
configure:10052: checking for memmove
configure:10052: arm-rockchip830-linux-uclibcgnueabihf-gcc -o conftest -g -O2 -I/home/miku/rv_build/staging/include -L/home/miku/rv_build/staging/lib conftest.c  >&5
conftest.c:57:6: warning: conflicting types for built-in function 'memmove' [-Wbuiltin-declaration-mismatch]
 char memmove ();
      ^~~~~~~
configure:10052: $? = 0
configure:10052: result: yes
configure:10104: checking gcc compiler flag -pedantic to assure ANSI C works correctly
configure:10131: arm-rockchip830-linux-uclibcgnueabihf-gcc -c -g -O2  -pedantic -I/home/miku/rv_build/staging/include conftest.c >&5
configure:10131: $? = 0
configure:10132: result: ok, adding to XX_ANSIFLAGS
configure:10104: checking gcc compiler flag -ansi to assure ANSI C works correctly
configure:10131: arm-rockchip830-linux-uclibcgnueabihf-gcc -c -g -O2  -pedantic -ansi -I/home/miku/rv_build/staging/include conftest.c >&5
configure:10131: $? = 0
configure:10132: result: ok, adding to XX_ANSIFLAGS
configure:10166: checking for -fvisibility=hidden compiler flag
configure:10181: arm-rockchip830-linux-uclibcgnueabihf-gcc -o conftest -g -O2 -fvisibility=hidden -I/home/miku/rv_build/staging/include -L/home/miku/rv_build/staging/lib conftest.c  >&5
configure:10181: $? = 0
configure:10183: result: yes
configure:10256: $PKG_CONFIG --exists --print-errors "$zlib_pkg"
configure:10259: $? = 0
configure:10266: checking for ZLIB
configure:10273: $PKG_CONFIG --exists --print-errors "$zlib_pkg"
configure:10276: $? = 0
configure:10290: $PKG_CONFIG --exists --print-errors "$zlib_pkg"
configure:10293: $? = 0
configure:10331: result: yes
configure:10426: $PKG_CONFIG --exists --print-errors "$bzip2_pkg"
Package bzip2 was not found in the pkg-config search path.
Perhaps you should add the directory containing `bzip2.pc'
to the PKG_CONFIG_PATH environment variable
No package 'bzip2' found
configure:10429: $? = 1
configure:10436: checking for BZIP2
configure:10443: $PKG_CONFIG --exists --print-errors "$bzip2_pkg"
Package bzip2 was not found in the pkg-config search path.
Perhaps you should add the directory containing `bzip2.pc'
to the PKG_CONFIG_PATH environment variable
No package 'bzip2' found
configure:10446: $? = 1
configure:10460: $PKG_CONFIG --exists --print-errors "$bzip2_pkg"
Package bzip2 was not found in the pkg-config search path.
Perhaps you should add the directory containing `bzip2.pc'
to the PKG_CONFIG_PATH environment variable
No package 'bzip2' found
configure:10463: $? = 1
configure:10477: result: no
No package 'bzip2' found
configure:10521: checking for BZ2_bzDecompress in -lbz2
configure:10546: arm-rockchip830-linux-uclibcgnueabihf-gcc -o conftest -g -O2 -fvisibility=hidden -I/home/miku/rv_build/staging/include -L/home/miku/rv_build/staging/lib conftest.c -lbz2   >&5
/home/miku/luckfox-pico/tools/linux/toolchain/arm-rockchip830-linux-uclibcgnueabihf/bin/../lib/gcc/arm-rockchip830-linux-uclibcgnueabihf/8.3.0/../../../../arm-rockchip830-linux-uclibcgnueabihf/bin/ld.bfd: cannot find -lbz2
collect2: error: ld returned 1 exit status
configure:10546: $? = 1
configure: failed program was:
| /* confdefs.h */
| #define PACKAGE_NAME "FreeType"
| #define PACKAGE_TARNAME "freetype"
| #define PACKAGE_VERSION "2.10"
| #define PACKAGE_STRING "FreeType 2.10"
| #define PACKAGE_BUGREPORT "freetype@nongnu.org"
| #define PACKAGE_URL ""
| #define STDC_HEADERS 1
| #define HAVE_SYS_TYPES_H 1
| #define HAVE_SYS_STAT_H 1
| #define HAVE_STDLIB_H 1
| #define HAVE_STRING_H 1
| #define HAVE_MEMORY_H 1
| #define HAVE_STRINGS_H 1
| #define HAVE_INTTYPES_H 1
| #define HAVE_STDINT_H 1
| #define HAVE_UNISTD_H 1
| #define HAVE_DLFCN_H 1
| #define LT_OBJDIR ".libs/"
| #define STDC_HEADERS 1
| #define HAVE_FCNTL_H 1
| #define HAVE_UNISTD_H 1
| #define SIZEOF_INT 4
| #define SIZEOF_LONG 4
| #define HAVE_UNSIGNED_LONG_LONG_INT 1
| #define HAVE_LONG_LONG_INT 1
| #define _FILE_OFFSET_BITS 64
| #define HAVE_STDLIB_H 1
| #define HAVE_UNISTD_H 1
| #define HAVE_SYS_PARAM_H 1
| #define HAVE_GETPAGESIZE 1
| #define HAVE_MEMCPY 1
| #define HAVE_MEMMOVE 1
| /* end confdefs.h.  */
| 
| /* Override any GCC internal prototype to avoid an error.
|    Use char because int might match the return type of a GCC
|    builtin and then its argument prototype would still apply.  */
| #ifdef __cplusplus
| extern "C"
| #endif
| char BZ2_bzDecompress ();
| int
| main ()
| {
| return BZ2_bzDecompress ();
|   ;
|   return 0;
| }
configure:10555: result: no
configure:10596: $PKG_CONFIG --exists --print-errors "$libpng_pkg"
Package libpng was not found in the pkg-config search path.
Perhaps you should add the directory containing `libpng.pc'
to the PKG_CONFIG_PATH environment variable
No package 'libpng' found
configure:10599: $? = 1
configure:10606: checking for LIBPNG
configure:10613: $PKG_CONFIG --exists --print-errors "$libpng_pkg"
Package libpng was not found in the pkg-config search path.
Perhaps you should add the directory containing `libpng.pc'
to the PKG_CONFIG_PATH environment variable
No package 'libpng' found
configure:10616: $? = 1
configure:10630: $PKG_CONFIG --exists --print-errors "$libpng_pkg"
Package libpng was not found in the pkg-config search path.
Perhaps you should add the directory containing `libpng.pc'
to the PKG_CONFIG_PATH environment variable
No package 'libpng' found
configure:10633: $? = 1
configure:10647: result: no
No package 'libpng' found
configure:10691: checking for libpng-config
configure:10702: result: no
configure:10732: $PKG_CONFIG --exists --print-errors "$harfbuzz_pkg"
Package harfbuzz was not found in the pkg-config search path.
Perhaps you should add the directory containing `harfbuzz.pc'
to the PKG_CONFIG_PATH environment variable
No package 'harfbuzz' found
configure:10735: $? = 1
configure:10742: checking for HARFBUZZ
configure:10749: $PKG_CONFIG --exists --print-errors "$harfbuzz_pkg"
Package harfbuzz was not found in the pkg-config search path.
Perhaps you should add the directory containing `harfbuzz.pc'
to the PKG_CONFIG_PATH environment variable
No package 'harfbuzz' found
configure:10752: $? = 1
configure:10766: $PKG_CONFIG --exists --print-errors "$harfbuzz_pkg"
Package harfbuzz was not found in the pkg-config search path.
Perhaps you should add the directory containing `harfbuzz.pc'
to the PKG_CONFIG_PATH environment variable
No package 'harfbuzz' found
configure:10769: $? = 1
configure:10783: result: no
No package 'harfbuzz' found
configure:10846: checking for library containing clock_gettime
configure:10877: arm-rockchip830-linux-uclibcgnueabihf-gcc -o conftest -g -O2 -fvisibility=hidden -I/home/miku/rv_build/staging/include -L/home/miku/rv_build/staging/lib conftest.c  >&5
configure:10877: $? = 0
configure:10894: result: none required
configure:11489: checking for python3
configure:11505: found /usr/bin/python3
configure:11516: result: python3
configure:11534: checking for pip3
configure:11550: found /usr/bin/pip3
configure:11561: result: pip3
configure:11575: checking for `docwriter' Python module
configure:11583: result: no
configure:11823: creating ./config.status

## ---------------------- ##
## Running config.status. ##
## ---------------------- ##

This file was extended by FreeType config.status 2.10, which was
generated by GNU Autoconf 2.69.  Invocation command line was

  CONFIG_FILES    = 
  CONFIG_HEADERS  = 
  CONFIG_LINKS    = 
  CONFIG_COMMANDS = 
  $ ./config.status 

on miku-machine

config.status:1132: creating ftoption.h
config.status:1132: creating unix-cc.mk
config.status:1132: creating unix-def.mk
config.status:1132: creating ftconfig.h
config.status:1327: executing libtool commands
configure:14072:

Library configuration:
  external zlib: yes (pkg-config)
  bzip2:         no
  libpng:        no
  harfbuzz:      no

configure:14090:
  Warning: `make refdoc' will fail since pip package `docwriter' is not
  installed.  To install, run `pip3 install docwriter', or to use a python
  virtual environment, run `make refdoc-venv' (requires pip package
  `virtualenv').
  

## ---------------- ##
## Cache variables. ##
## ---------------- ##

ac_cv_build=x86_64-pc-linux-uclibc
ac_cv_c_compiler_gnu=yes
ac_cv_c_const=yes
ac_cv_env_BZIP2_CFLAGS_set=
ac_cv_env_BZIP2_CFLAGS_value=
ac_cv_env_BZIP2_LIBS_set=
ac_cv_env_BZIP2_LIBS_value=
ac_cv_env_CC_set=set
ac_cv_env_CC_value=arm-rockchip830-linux-uclibcgnueabihf-gcc
ac_cv_env_CFLAGS_set=
ac_cv_env_CFLAGS_value=
ac_cv_env_CPPFLAGS_set=set
ac_cv_env_CPPFLAGS_value=-I/home/miku/rv_build/staging/include
ac_cv_env_CPP_set=
ac_cv_env_CPP_value=
ac_cv_env_HARFBUZZ_CFLAGS_set=
ac_cv_env_HARFBUZZ_CFLAGS_value=
ac_cv_env_HARFBUZZ_LIBS_set=
ac_cv_env_HARFBUZZ_LIBS_value=
ac_cv_env_LDFLAGS_set=set
ac_cv_env_LDFLAGS_value=-L/home/miku/rv_build/staging/lib
ac_cv_env_LIBPNG_CFLAGS_set=
ac_cv_env_LIBPNG_CFLAGS_value=
ac_cv_env_LIBPNG_LIBS_set=
ac_cv_env_LIBPNG_LIBS_value=
ac_cv_env_LIBS_set=set
ac_cv_env_LIBS_value=
ac_cv_env_LT_SYS_LIBRARY_PATH_set=
ac_cv_env_LT_SYS_LIBRARY_PATH_value=
ac_cv_env_PKG_CONFIG_LIBDIR_set=
ac_cv_env_PKG_CONFIG_LIBDIR_value=
ac_cv_env_PKG_CONFIG_PATH_set=set
ac_cv_env_PKG_CONFIG_PATH_value=/home/miku/rv_build/staging/lib/pkgconfig
ac_cv_env_PKG_CONFIG_set=
ac_cv_env_PKG_CONFIG_value=
ac_cv_env_ZLIB_CFLAGS_set=
ac_cv_env_ZLIB_CFLAGS_value=
ac_cv_env_ZLIB_LIBS_set=
ac_cv_env_ZLIB_LIBS_value=
ac_cv_env_build_alias_set=
ac_cv_env_build_alias_value=
ac_cv_env_host_alias_set=set
ac_cv_env_host_alias_value=arm-linux
ac_cv_env_target_alias_set=
ac_cv_env_target_alias_value=
ac_cv_func_getpagesize=yes
ac_cv_func_memcpy=yes
ac_cv_func_memmove=yes
ac_cv_func_mmap_fixed_mapped=no
ac_cv_header_dlfcn_h=yes
ac_cv_header_fcntl_h=yes
ac_cv_header_inttypes_h=yes
ac_cv_header_memory_h=yes
ac_cv_header_stdc=yes
ac_cv_header_stdint_h=yes
ac_cv_header_stdlib_h=yes
ac_cv_header_string_h=yes
ac_cv_header_strings_h=yes
ac_cv_header_sys_param_h=yes
ac_cv_header_sys_stat_h=yes
ac_cv_header_sys_types_h=yes
ac_cv_header_unistd_h=yes
ac_cv_header_windows_h=no
ac_cv_host=arm-unknown-linux-gnu
ac_cv_lib_bz2_BZ2_bzDecompress=no
ac_cv_objext=o
ac_cv_path_EGREP='/usr/bin/grep -E'
ac_cv_path_FGREP='/usr/bin/grep -F'
ac_cv_path_GREP=/usr/bin/grep
ac_cv_path_SED=/usr/bin/sed
ac_cv_path_ac_pt_PKG_CONFIG=/usr/bin/pkg-config
ac_cv_path_install='/usr/bin/install -c'
ac_cv_path_lt_DD=/usr/bin/dd
ac_cv_path_mkdir=/usr/bin/mkdir
ac_cv_prog_AR=arm-rockchip830-linux-uclibcgnueabihf-ar
ac_cv_prog_AWK=gawk
ac_cv_prog_CC=arm-rockchip830-linux-uclibcgnueabihf-gcc
ac_cv_prog_CC_BUILD=gcc
ac_cv_prog_CPP='arm-rockchip830-linux-uclibcgnueabihf-gcc -E'
ac_cv_prog_PIP=pip3
ac_cv_prog_PYTHON=python3
ac_cv_prog_RANLIB=arm-rockchip830-linux-uclibcgnueabihf-ranlib
ac_cv_prog_STRIP=arm-rockchip830-linux-uclibcgnueabihf-strip
ac_cv_prog_ac_ct_MANIFEST_TOOL=mt
ac_cv_prog_ac_ct_OBJDUMP=objdump
ac_cv_prog_cc_c89=
ac_cv_prog_cc_g=yes
ac_cv_search_clock_gettime='none required'
ac_cv_sizeof_int=4
ac_cv_sizeof_long=4
ac_cv_sys_file_offset_bits=64
ac_cv_sys_largefile_CC=no
ac_cv_type_long_long_int=yes
ac_cv_type_unsigned_long_long_int=yes
lt_cv_ar_at_file=@
lt_cv_deplibs_check_method=pass_all
lt_cv_file_magic_cmd='$MAGIC_CMD'
lt_cv_file_magic_test_file=
lt_cv_ld_reload_flag=-r
lt_cv_nm_interface='BSD nm'
lt_cv_objdir=.libs
lt_cv_path_LD=arm-rockchip830-linux-uclibcgnueabihf-ld
lt_cv_path_NM=arm-rockchip830-linux-uclibcgnueabihf-nm
lt_cv_path_mainfest_tool=no
lt_cv_prog_compiler_c_o=yes
lt_cv_prog_compiler_pic='-fPIC -DPIC'
lt_cv_prog_compiler_pic_works=yes
lt_cv_prog_compiler_rtti_exceptions=no
lt_cv_prog_compiler_static_works=yes
lt_cv_prog_gnu_ld=yes
lt_cv_sharedlib_from_linklib_cmd='printf %s\n'
lt_cv_shlibpath_overrides_runpath=no
lt_cv_sys_global_symbol_pipe='sed -n -e '\''s/^.*[	 ]\([ABCDGIRSTW][ABCDGIRSTW]*\)[	 ][	 ]*\([_A-Za-z][_A-Za-z0-9]*\)$/\1 \2 \2/p'\'' | sed '\''/ __gnu_lto/d'\'''
lt_cv_sys_global_symbol_to_c_name_address='sed -n -e '\''s/^: \(.*\) .*$/  {"\1", (void *) 0},/p'\'' -e '\''s/^[ABCDGIRSTW][ABCDGIRSTW]* .* \(.*\)$/  {"\1", (void *) \&\1},/p'\'''
lt_cv_sys_global_symbol_to_c_name_address_lib_prefix='sed -n -e '\''s/^: \(.*\) .*$/  {"\1", (void *) 0},/p'\'' -e '\''s/^[ABCDGIRSTW][ABCDGIRSTW]* .* \(lib.*\)$/  {"\1", (void *) \&\1},/p'\'' -e '\''s/^[ABCDGIRSTW][ABCDGIRSTW]* .* \(.*\)$/  {"lib\1", (void *) \&\1},/p'\'''
lt_cv_sys_global_symbol_to_cdecl='sed -n -e '\''s/^T .* \(.*\)$/extern int \1();/p'\'' -e '\''s/^[ABCDGIRSTW][ABCDGIRSTW]* .* \(.*\)$/extern char \1;/p'\'''
lt_cv_sys_global_symbol_to_import=
lt_cv_sys_max_cmd_len=1572864
lt_cv_to_host_file_cmd=func_convert_file_noop
lt_cv_to_tool_file_cmd=func_convert_file_noop
lt_cv_truncate_bin='/usr/bin/dd bs=4096 count=1'
pkg_cv_ZLIB_CFLAGS=-I/home/miku/rv_build/staging/include
pkg_cv_ZLIB_LIBS='-L/home/miku/rv_build/staging/lib -lz'

## ----------------- ##
## Output variables. ##
## ----------------- ##

AR='arm-rockchip830-linux-uclibcgnueabihf-ar'
AS='arm-rockchip830-linux-uclibcgnueabihf-as'
AWK='gawk'
BZIP2_CFLAGS=''
BZIP2_LIBS=''
CC='arm-rockchip830-linux-uclibcgnueabihf-gcc'
CC_BUILD='gcc'
CFLAGS='-g -O2 -fvisibility=hidden -I/home/miku/rv_build/staging/include'
CPP='arm-rockchip830-linux-uclibcgnueabihf-gcc -E'
CPPFLAGS='-I/home/miku/rv_build/staging/include'
DEFS='-DHAVE_CONFIG_H'
DLLTOOL='false'
DSYMUTIL=''
DUMPBIN=''
ECHO_C=''
ECHO_N='-n'
ECHO_T=''
EGREP='/usr/bin/grep -E'
EXEEXT=''
EXEEXT_BUILD=''
FGREP='/usr/bin/grep -F'
FTSYS_SRC='$(BASE_DIR)/ftsystem.c'
GREP='/usr/bin/grep'
HARFBUZZ_CFLAGS=''
HARFBUZZ_LIBS=''
INSTALL_DATA='${INSTALL} -m 644'
INSTALL_FT2_CONFIG='FALSE'
INSTALL_PROGRAM='${INSTALL}'
INSTALL_SCRIPT='${INSTALL}'
LD='arm-rockchip830-linux-uclibcgnueabihf-ld'
LDFLAGS='-L/home/miku/rv_build/staging/lib -L/home/miku/rv_build/staging/lib -lz'
LIBOBJS=''
LIBPNG_CFLAGS=''
LIBPNG_LIBS=''
LIBS=''
LIBSSTATIC_CONFIG='-lfreetype -L/home/miku/rv_build/staging/lib -lz'
LIBS_PRIVATE=''
LIBTOOL='$(SHELL) $(top_builddir)/libtool'
LIB_CLOCK_GETTIME=''
LIPO=''
LN_S='ln -s'
LTLIBOBJS=''
LT_SYS_LIBRARY_PATH=''
MANIFEST_TOOL=':'
MKDIR_P='/usr/bin/mkdir -p'
NM='arm-rockchip830-linux-uclibcgnueabihf-nm'
NMEDIT=''
OBJDUMP='objdump'
OBJEXT='o'
OTOOL64=''
OTOOL=''
PACKAGE_BUGREPORT='freetype@nongnu.org'
PACKAGE_NAME='FreeType'
PACKAGE_STRING='FreeType 2.10'
PACKAGE_TARNAME='freetype'
PACKAGE_URL=''
PACKAGE_VERSION='2.10'
PATH_SEPARATOR=':'
PIP='pip3'
PKG_CONFIG='/usr/bin/pkg-config'
PKG_CONFIG_LIBDIR=''
PKG_CONFIG_PATH='/home/miku/rv_build/staging/lib/pkgconfig'
PYTHON='python3'
RANLIB='arm-rockchip830-linux-uclibcgnueabihf-ranlib'
RC=''
REQUIRES_PRIVATE='zlib'
SED='/usr/bin/sed'
SHELL='/bin/bash'
STRIP='arm-rockchip830-linux-uclibcgnueabihf-strip'
XX_ANSIFLAGS=' -pedantic -ansi'
XX_CFLAGS='-Wall'
ZLIB_CFLAGS='-I/home/miku/rv_build/staging/include'
ZLIB_LIBS='-L/home/miku/rv_build/staging/lib -lz'
ac_ct_AR=''
ac_ct_CC=''
ac_ct_DUMPBIN=''
bindir='${exec_prefix}/bin'
build='x86_64-pc-linux-uclibc'
build_alias=''
build_cpu='x86_64'
build_libtool_libs=''
build_os='linux-uclibc'
build_vendor='pc'
datadir='${datarootdir}'
datarootdir='${prefix}/share'
docdir='${datarootdir}/doc/${PACKAGE_TARNAME}'
dvidir='${docdir}'
exec_prefix='${prefix}'
ft_version='23.0.17'
ftmac_c=''
hardcode_libdir_flag_spec='$wl-rpath $wl$libdir'
host='arm-unknown-linux-gnu'
host_alias='arm-linux'
host_cpu='arm'
host_os='linux-gnu'
host_vendor='unknown'
htmldir='${docdir}'
includedir='${prefix}/include'
infodir='${datarootdir}/info'
libdir='${exec_prefix}/lib'
libexecdir='${exec_prefix}/libexec'
localedir='${datarootdir}/locale'
localstatedir='${prefix}/var'
mandir='${datarootdir}/man'
oldincludedir='/usr/include'
pdfdir='${docdir}'
prefix='/home/miku/rv_build/staging'
program_transform_name='s,x,x,'
psdir='${docdir}'
sbindir='${exec_prefix}/sbin'
sharedstatedir='${prefix}/com'
sysconfdir='${prefix}/etc'
target_alias=''
version_info='23:0:17'
wl='-Wl,'

## ----------- ##
## confdefs.h. ##
## ----------- ##

/* confdefs.h */
#define PACKAGE_NAME "FreeType"
#define PACKAGE_TARNAME "freetype"
#define PACKAGE_VERSION "2.10"
#define PACKAGE_STRING "FreeType 2.10"
#define PACKAGE_BUGREPORT "freetype@nongnu.org"
#define PACKAGE_URL ""
#define STDC_HEADERS 1
#define HAVE_SYS_TYPES_H 1
#define HAVE_SYS_STAT_H 1
#define HAVE_STDLIB_H 1
#define HAVE_STRING_H 1
#define HAVE_MEMORY_H 1
#define HAVE_STRINGS_H 1
#define HAVE_INTTYPES_H 1
#define HAVE_STDINT_H 1
#define HAVE_UNISTD_H 1
#define HAVE_DLFCN_H 1
#define LT_OBJDIR ".libs/"
#define STDC_HEADERS 1
#define HAVE_FCNTL_H 1
#define HAVE_UNISTD_H 1
#define SIZEOF_INT 4
#define SIZEOF_LONG 4
#define HAVE_UNSIGNED_LONG_LONG_INT 1
#define HAVE_LONG_LONG_INT 1
#define _FILE_OFFSET_BITS 64
#define HAVE_STDLIB_H 1
#define HAVE_UNISTD_H 1
#define HAVE_SYS_PARAM_H 1
#define HAVE_GETPAGESIZE 1
#define HAVE_MEMCPY 1
#define HAVE_MEMMOVE 1

configure: exit 0
